0 info it worked if it ends with ok
1 verbose cli [ 'node', '/usr/local/bin/npm', 'publish' ]
2 info using npm@1.1.45
3 info using node@v0.8.4
4 verbose config file /Users/tactivos/.npmrc
5 verbose config file /usr/local/etc/npmrc
6 verbose config file /usr/local/lib/node_modules/npm/npmrc
7 verbose publish [ '.' ]
8 verbose read json /Users/tactivos/Documents/workspace/jsTime/package.json
9 verbose cache add [ '.', null ]
10 silly cache add name=undefined spec="." args=[".",null]
11 verbose parsed url { pathname: '.', path: '.', href: '.' }
12 silly lockFile 3a52ce78- .
13 verbose lock . /Users/tactivos/.npm/3a52ce78-.lock
14 verbose read json package.json
15 verbose tar pack [ '/var/folders/jb/w3nr0zn53v5b_n2hxtr5f77h0000gn/T/npm-41945/1368469349644-0.8226121470797807/tmp.tgz',
15 verbose tar pack   '.' ]
16 verbose tarball /var/folders/jb/w3nr0zn53v5b_n2hxtr5f77h0000gn/T/npm-41945/1368469349644-0.8226121470797807/tmp.tgz
17 verbose folder .
18 info prepublish jsTime@1.0.0
19 silly lockFile 8d182f1d-49644-0-8226121470797807-tmp-tgz /var/folders/jb/w3nr0zn53v5b_n2hxtr5f77h0000gn/T/npm-41945/1368469349644-0.8226121470797807/tmp.tgz
20 verbose lock /var/folders/jb/w3nr0zn53v5b_n2hxtr5f77h0000gn/T/npm-41945/1368469349644-0.8226121470797807/tmp.tgz /Users/tactivos/.npm/8d182f1d-49644-0-8226121470797807-tmp-tgz.lock
21 silly lockFile 8d182f1d-49644-0-8226121470797807-tmp-tgz /var/folders/jb/w3nr0zn53v5b_n2hxtr5f77h0000gn/T/npm-41945/1368469349644-0.8226121470797807/tmp.tgz
22 verbose tar unpack /var/folders/jb/w3nr0zn53v5b_n2hxtr5f77h0000gn/T/npm-41945/1368469349644-0.8226121470797807/tmp.tgz
23 silly lockFile 872ea1b8-49644-0-8226121470797807-package /var/folders/jb/w3nr0zn53v5b_n2hxtr5f77h0000gn/T/npm-41945/1368469349644-0.8226121470797807/package
24 verbose lock /var/folders/jb/w3nr0zn53v5b_n2hxtr5f77h0000gn/T/npm-41945/1368469349644-0.8226121470797807/package /Users/tactivos/.npm/872ea1b8-49644-0-8226121470797807-package.lock
25 silly gunzTarPerm modes [ '755', '644' ]
26 silly gunzTarPerm extractEntry package.json
27 silly gunzTarPerm extractEntry .npmignore
28 silly gunzTarPerm extractEntry LICENSE
29 silly gunzTarPerm extractEntry jsTime.js
30 silly gunzTarPerm extractEntry Makefile
31 silly gunzTarPerm extractEntry Readme.md
32 silly gunzTarPerm extractEntry tests/jsTime.js
33 verbose read json /var/folders/jb/w3nr0zn53v5b_n2hxtr5f77h0000gn/T/npm-41945/1368469349644-0.8226121470797807/package/package.json
34 silly lockFile 872ea1b8-49644-0-8226121470797807-package /var/folders/jb/w3nr0zn53v5b_n2hxtr5f77h0000gn/T/npm-41945/1368469349644-0.8226121470797807/package
35 verbose from cache /var/folders/jb/w3nr0zn53v5b_n2hxtr5f77h0000gn/T/npm-41945/1368469349644-0.8226121470797807/package/package.json
36 verbose tar pack [ '/Users/tactivos/.npm/jsTime/1.0.0/package.tgz',
36 verbose tar pack   '/var/folders/jb/w3nr0zn53v5b_n2hxtr5f77h0000gn/T/npm-41945/1368469349644-0.8226121470797807/package' ]
37 verbose tarball /Users/tactivos/.npm/jsTime/1.0.0/package.tgz
38 verbose folder /var/folders/jb/w3nr0zn53v5b_n2hxtr5f77h0000gn/T/npm-41945/1368469349644-0.8226121470797807/package
39 silly lockFile 3e4c5d6e-vos-npm-jsTime-1-0-0-package-tgz /Users/tactivos/.npm/jsTime/1.0.0/package.tgz
40 verbose lock /Users/tactivos/.npm/jsTime/1.0.0/package.tgz /Users/tactivos/.npm/3e4c5d6e-vos-npm-jsTime-1-0-0-package-tgz.lock
41 silly lockFile 3e4c5d6e-vos-npm-jsTime-1-0-0-package-tgz /Users/tactivos/.npm/jsTime/1.0.0/package.tgz
42 silly lockFile d631e1dc-activos-npm-jsTime-1-0-0-package /Users/tactivos/.npm/jsTime/1.0.0/package
43 verbose lock /Users/tactivos/.npm/jsTime/1.0.0/package /Users/tactivos/.npm/d631e1dc-activos-npm-jsTime-1-0-0-package.lock
44 silly lockFile d631e1dc-activos-npm-jsTime-1-0-0-package /Users/tactivos/.npm/jsTime/1.0.0/package
45 verbose tar unpack /Users/tactivos/.npm/jsTime/1.0.0/package.tgz
46 silly lockFile d631e1dc-activos-npm-jsTime-1-0-0-package /Users/tactivos/.npm/jsTime/1.0.0/package
47 verbose lock /Users/tactivos/.npm/jsTime/1.0.0/package /Users/tactivos/.npm/d631e1dc-activos-npm-jsTime-1-0-0-package.lock
48 silly gunzTarPerm modes [ '755', '644' ]
49 silly gunzTarPerm extractEntry package.json
50 silly gunzTarPerm extractEntry .npmignore
51 silly gunzTarPerm extractEntry LICENSE
52 silly gunzTarPerm extractEntry jsTime.js
53 silly gunzTarPerm extractEntry Makefile
54 silly gunzTarPerm extractEntry Readme.md
55 silly gunzTarPerm extractEntry tests/jsTime.js
56 verbose read json /Users/tactivos/.npm/jsTime/1.0.0/package/package.json
57 silly lockFile d631e1dc-activos-npm-jsTime-1-0-0-package /Users/tactivos/.npm/jsTime/1.0.0/package
58 silly shasum updated bytes 2151
59 info shasum d44e3ccf691d56773b36fa7951e0321353120148
59 info shasum /Users/tactivos/.npm/jsTime/1.0.0/package.tgz
60 verbose from cache /Users/tactivos/.npm/jsTime/1.0.0/package/package.json
61 verbose chmod /Users/tactivos/.npm/jsTime/1.0.0/package.tgz 644
62 verbose chown /Users/tactivos/.npm/jsTime/1.0.0/package.tgz [ 501, 20 ]
63 silly lockFile 3a52ce78- .
64 silly publish { name: 'jsTime',
64 silly publish   author: { name: 'Ariel Flesler', email: 'aflesler@gmail.com' },
64 silly publish   version: '1.0.0',
64 silly publish   description: 'Convert numbers to milliseconds easily',
64 silly publish   keywords:
64 silly publish    [ 'number',
64 silly publish      'date',
64 silly publish      'time',
64 silly publish      'milliseconds',
64 silly publish      'seconds',
64 silly publish      'minutes',
64 silly publish      'hours',
64 silly publish      'days',
64 silly publish      'years' ],
64 silly publish   license: 'MIT',
64 silly publish   repository: { type: 'git', url: 'git://github.com/flesler/jsTime' },
64 silly publish   main: './jsTime.js',
64 silly publish   engines: { node: '*' },
64 silly publish   devDependencies: { mocha: '1.9.x', should: '1.2.x' },
64 silly publish   readme: '# JS Time\r\n\r\n##Works both on Node and the browser\r\n<pre>require(\'./lib/jsTime.js\');</pre>\r\n<pre>&lt;script type="type/javascript" src="js/jsTime.js">&lt;/ script></pre>\r\n\r\n##After that you can do things like these:\r\n<pre>\r\nsetTimeout(function(){\r\n\talert(\'After 10 seconds\');\r\n}, 10..seconds());\r\n\r\nsetInterval(function(){\r\n\talert(\'Every 1.5 hours\');\r\n}, 1.5.minutes());\r\n\r\n// Timestamp of 3 days from now\r\nvar expire = new Date() + 3..days();\r\n</pre>\r\n\r\nThe double dot (..) is needed for integer numbers, else the interpreter thinks it\'s a mistyped float number.\r\nAnother possible syntax that is just a it longer but less magical would be:\r\n\r\n<pre>\r\nvar expire = new Date() + (3).days();\r\n</pre>\r\n\r\nPick the one you prefer.\r\n\r\n\r\n##TODO\r\n - Add a getter version that only works on modern browsers',
64 silly publish   _id: 'jsTime@1.0.0',
64 silly publish   dist: { shasum: 'd44e3ccf691d56773b36fa7951e0321353120148' } }
65 verbose url raw jsTime
66 verbose url resolving [ 'https://registry.npmjs.org/', './jsTime' ]
67 verbose url resolved https://registry.npmjs.org/jsTime
68 info retry registry request attempt 1 at 15:22:31
69 http PUT https://registry.npmjs.org/jsTime
70 http 403 https://registry.npmjs.org/jsTime
71 error publish Failed PUT response 403
72 error Error: forbidden New packages must have all-lowercase names: jsTime
72 error     at RegClient.<anonymous> (/usr/local/lib/node_modules/npm/node_modules/npm-registry-client/lib/request.js:246:14)
72 error     at Request.init.self.callback (/usr/local/lib/node_modules/npm/node_modules/request/main.js:120:22)
72 error     at Request.EventEmitter.emit (events.js:91:17)
72 error     at Request.<anonymous> (/usr/local/lib/node_modules/npm/node_modules/request/main.js:555:16)
72 error     at Request.EventEmitter.emit (events.js:88:17)
72 error     at IncomingMessage.Request.start.self.req.self.httpModule.request.buffer (/usr/local/lib/node_modules/npm/node_modules/request/main.js:517:14)
72 error     at IncomingMessage.EventEmitter.emit (events.js:115:20)
72 error     at IncomingMessage._emitEnd (http.js:366:10)
72 error     at HTTPParser.parserOnMessageComplete [as onMessageComplete] (http.js:149:23)
72 error     at CleartextStream.socketOnData [as ondata] (http.js:1356:20)
73 error If you need help, you may report this log at:
73 error     <http://github.com/isaacs/npm/issues>
73 error or email it to:
73 error     <npm-@googlegroups.com>
74 error System Darwin 11.4.0
75 error command "node" "/usr/local/bin/npm" "publish"
76 error cwd /Users/tactivos/Documents/workspace/jsTime
77 error node -v v0.8.4
78 error npm -v 1.1.45
79 verbose exit [ 1, true ]
